15:18:19.345 [http-nio-8080-exec-1] INFO  com.msjexports.ui.IndexPageHandler - Running in Index Servlet
15:18:25.815 [http-nio-8080-exec-3] INFO  com.msjexports.ui.IndexPageHandler - Running in Index Servlet
15:18:25.989 [http-nio-8080-exec-1] INFO  com.msjexports.db.DbHelper - Connection success
15:18:25.990 [http-nio-8080-exec-3] INFO  com.msjexports.db.DbHelper - Connection success
15:18:26.040 [http-nio-8080-exec-1] INFO  com.msjexports.db.ProductManager - Read indv prod names [Coir Pith]
15:18:26.041 [http-nio-8080-exec-1] INFO  com.msjexports.db.ProductManager - Read indv prod names [Coir Pith, Coir Fibre]
15:18:26.041 [http-nio-8080-exec-1] INFO  com.msjexports.db.ProductManager - Read indv prod names [Coir Pith, Coir Fibre, Coconut]
15:18:26.042 [http-nio-8080-exec-3] INFO  com.msjexports.db.ProductManager - Read indv prod names [Coir Pith]
15:18:26.060 [http-nio-8080-exec-1] INFO  com.msjexports.db.ProductManager - Read indv prod names [Coir Pith, Coir Fibre, Coconut, Cardamom]
15:18:26.060 [http-nio-8080-exec-3] INFO  com.msjexports.db.ProductManager - Read indv prod names [Coir Pith, Coir Fibre]
15:18:26.060 [http-nio-8080-exec-1] INFO  com.msjexports.db.ProductManager - Read indv prod names [Coir Pith, Coir Fibre, Coconut, Cardamom, Pepper]
15:18:26.062 [http-nio-8080-exec-3] INFO  com.msjexports.db.ProductManager - Read indv prod names [Coir Pith, Coir Fibre, Coconut]
15:18:26.063 [http-nio-8080-exec-1] INFO  com.msjexports.db.ProductManager - Read indv prod names [Coir Pith, Coir Fibre, Coconut, Cardamom, Pepper, Clove]
15:18:26.063 [http-nio-8080-exec-3] INFO  com.msjexports.db.ProductManager - Read indv prod names [Coir Pith, Coir Fibre, Coconut, Cardamom]
15:18:26.064 [http-nio-8080-exec-1] INFO  com.msjexports.db.ProductManager - Read indv prod names [Coir Pith, Coir Fibre, Coconut, Cardamom, Pepper, Clove, Nutmeg & Mace]
15:18:26.065 [http-nio-8080-exec-3] INFO  com.msjexports.db.ProductManager - Read indv prod names [Coir Pith, Coir Fibre, Coconut, Cardamom, Pepper]
15:18:26.068 [http-nio-8080-exec-3] INFO  com.msjexports.db.ProductManager - Read indv prod names [Coir Pith, Coir Fibre, Coconut, Cardamom, Pepper, Clove]
15:18:26.068 [http-nio-8080-exec-3] INFO  com.msjexports.db.ProductManager - Read indv prod names [Coir Pith, Coir Fibre, Coconut, Cardamom, Pepper, Clove, Nutmeg & Mace]
15:18:26.067 [http-nio-8080-exec-1] INFO  com.msjexports.ui.IndexPageHandler - Read Index Product names are 
15:18:26.069 [http-nio-8080-exec-3] INFO  com.msjexports.ui.IndexPageHandler - Read Index Product names are 
15:19:08.279 [http-nio-8080-exec-5] INFO  com.msjexports.ui.AboutPageHandler - Running in AboutPageHandler
15:19:08.286 [http-nio-8080-exec-5] INFO  com.msjexports.db.DbHelper - Connection success
15:19:08.287 [http-nio-8080-exec-5] INFO  com.msjexports.db.ProductManager - Read indv prod names [Coir Pith]
15:19:08.288 [http-nio-8080-exec-5] INFO  com.msjexports.db.ProductManager - Read indv prod names [Coir Pith, Coir Fibre]
15:19:08.288 [http-nio-8080-exec-5] INFO  com.msjexports.db.ProductManager - Read indv prod names [Coir Pith, Coir Fibre, Coconut]
15:19:08.289 [http-nio-8080-exec-5] INFO  com.msjexports.db.ProductManager - Read indv prod names [Coir Pith, Coir Fibre, Coconut, Cardamom]
15:19:08.289 [http-nio-8080-exec-5] INFO  com.msjexports.db.ProductManager - Read indv prod names [Coir Pith, Coir Fibre, Coconut, Cardamom, Pepper]
15:19:08.290 [http-nio-8080-exec-5] INFO  com.msjexports.db.ProductManager - Read indv prod names [Coir Pith, Coir Fibre, Coconut, Cardamom, Pepper, Clove]
15:19:08.290 [http-nio-8080-exec-5] INFO  com.msjexports.db.ProductManager - Read indv prod names [Coir Pith, Coir Fibre, Coconut, Cardamom, Pepper, Clove, Nutmeg & Mace]
15:19:08.291 [http-nio-8080-exec-5] INFO  com.msjexports.ui.AboutPageHandler - About page product names [Coir Pith, Coir Fibre, Coconut, Cardamom, Pepper, Clove, Nutmeg & Mace]
15:19:08.293 [http-nio-8080-exec-5] INFO  com.msjexports.db.DbHelper - Connection success
15:19:08.295 [http-nio-8080-exec-5] INFO  com.msjexports.db.ProductManager - Read indv prod names [Coir Pith]
15:19:08.296 [http-nio-8080-exec-5] INFO  com.msjexports.db.ProductManager - Read indv prod names [Coir Pith, Coir Fibre]
15:19:08.296 [http-nio-8080-exec-5] INFO  com.msjexports.db.ProductManager - Read indv prod names [Coir Pith, Coir Fibre, Coconut]
15:19:08.296 [http-nio-8080-exec-5] INFO  com.msjexports.db.ProductManager - Read indv prod names [Coir Pith, Coir Fibre, Coconut, Cardamom]
15:19:08.297 [http-nio-8080-exec-5] INFO  com.msjexports.db.ProductManager - Read indv prod names [Coir Pith, Coir Fibre, Coconut, Cardamom, Pepper]
15:19:08.298 [http-nio-8080-exec-5] INFO  com.msjexports.db.ProductManager - Read indv prod names [Coir Pith, Coir Fibre, Coconut, Cardamom, Pepper, Clove]
15:19:08.298 [http-nio-8080-exec-5] INFO  com.msjexports.db.ProductManager - Read indv prod names [Coir Pith, Coir Fibre, Coconut, Cardamom, Pepper, Clove, Nutmeg & Mace]
15:19:11.564 [http-nio-8080-exec-6] INFO  com.msjexports.ui.ProductPageHandler -  I'm Running in Get Method of ProductUIhandler
15:19:11.566 [http-nio-8080-exec-6] INFO  com.msjexports.ui.ProductPageHandler - The requested products Cardamom
15:19:11.568 [http-nio-8080-exec-6] INFO  com.msjexports.ui.ProductPageHandler -  Length of the product 8
15:19:11.585 [http-nio-8080-exec-6] INFO  com.msjexports.db.DbHelper - Connection success
15:19:11.589 [http-nio-8080-exec-6] INFO  com.msjexports.db.DbHelper - Connection success
15:19:11.614 [http-nio-8080-exec-6] INFO  com.msjexports.ui.ProductPageHandler - The product id for the product name : Cardamom prodId : 31 aliasName : CARDAMOM-SMALL (Botanical name - Elettaria Cardamomum Maton)
15:19:11.615 [http-nio-8080-exec-6] INFO  com.msjexports.ui.ProductPageHandler - AliasCARDAMOM-SMALL (Botanical name - Elettaria Cardamomum Maton)
15:19:11.618 [http-nio-8080-exec-6] INFO  com.msjexports.db.DbHelper - Connection success
15:19:11.908 [http-nio-8080-exec-6] INFO  com.msjexports.db.DbHelper - Connection success
15:19:11.985 [http-nio-8080-exec-6] INFO  com.msjexports.db.DbHelper - Connection success
15:19:11.988 [http-nio-8080-exec-6] INFO  com.msjexports.db.DbHelper - Connection success
15:19:11.989 [http-nio-8080-exec-6] INFO  com.msjexports.ui.ProductPageHandler - selected gallery image1 smallcardamom-1.png
15:19:11.989 [http-nio-8080-exec-6] INFO  com.msjexports.ui.ProductPageHandler - selected gallery image2 smallcardamom-2.png
15:19:11.990 [http-nio-8080-exec-6] INFO  com.msjexports.ui.ProductPageHandler - selected gallery image3 smallcardamom-3.png
15:19:12.057 [http-nio-8080-exec-6] INFO  com.msjexports.db.DbHelper - Connection success
15:19:12.117 [http-nio-8080-exec-6] INFO  com.msjexports.ui.ProductPageHandler - paraText[Cardamom of commerce is the dried ripe fruit (capsules of cardamom plant) often referred as the “Queen of Spices” because of its very pleasant aroma and taste. Cardamom is a perennial, herbaceous, rhizomatous plant., Indian cardamom is offered to the international markets in different grades: 'Alleppey Green Extra Bold' (AGEB), 'Alleppey Green Bold' (AGB) and 'Alleppey Green Superior' (AGS) are names that register instant appeal worldwide. Cardamom oil is a precious ingredient in food preparations, perfumery, health foods medicines and beverages. India, a traditional exporter of cardamom to the Middle East countries where it goes mostly into the preparation of 'Gahwa' - a strong cardamom - coffee concoction without which no day is complete or no hospitality hearty for an Arab. Indian cardamom enjoys a premium preference in the Middle East, Japanese and Russians who relish it for its distinct enriching properties., Cardamom has a strong, unique taste with intensely aromatic fragrance.]
15:19:12.166 [http-nio-8080-exec-6] INFO  com.msjexports.db.DbHelper - Connection success
15:19:12.197 [http-nio-8080-exec-6] INFO  com.msjexports.ui.ProductPageHandler - ProdDescList[The Indian Green Cardamom offered by us are highly demanded and widely used all across the world., The superior quality Cardamom is sourced by us from our well known vendors in the Western Ghats at Tamilnadu & Kerala, with whom we have long-term business relationship.]
15:19:12.282 [http-nio-8080-exec-6] INFO  com.msjexports.db.DbHelper - Connection success
15:19:12.290 [http-nio-8080-exec-6] INFO  com.msjexports.ui.ProductPageHandler - UsesDescList[The major use is for the preparation of ‘Gahwa’ – a strong cardamom coffee concoction which is a symbol for hospitality among Arabs., It is widely used as a flavouring material in whole and ground form. In Asia, it can add a lingering sparkle to every kind of dishes both traditional and modern. In Scandinavian countries it is used in baked goods and confectionaries. In Europe and North America it is an ingredient in curry powder and in some sausages products., Cardamom oil and oleoresin has applications in flavouring processed foods, cordials, and liquors and in perfumery and in Ayurvedic medicines.]
15:19:12.292 [http-nio-8080-exec-6] INFO  com.msjexports.db.DbHelper - Connection success
15:19:12.293 [http-nio-8080-exec-6] INFO  com.msjexports.db.ProductManager - Read indv prod names [Coir Pith]
15:19:12.294 [http-nio-8080-exec-6] INFO  com.msjexports.db.ProductManager - Read indv prod names [Coir Pith, Coir Fibre]
15:19:12.294 [http-nio-8080-exec-6] INFO  com.msjexports.db.ProductManager - Read indv prod names [Coir Pith, Coir Fibre, Coconut]
15:19:12.294 [http-nio-8080-exec-6] INFO  com.msjexports.db.ProductManager - Read indv prod names [Coir Pith, Coir Fibre, Coconut, Cardamom]
15:19:12.295 [http-nio-8080-exec-6] INFO  com.msjexports.db.ProductManager - Read indv prod names [Coir Pith, Coir Fibre, Coconut, Cardamom, Pepper]
15:19:12.296 [http-nio-8080-exec-6] INFO  com.msjexports.db.ProductManager - Read indv prod names [Coir Pith, Coir Fibre, Coconut, Cardamom, Pepper, Clove]
15:19:12.297 [http-nio-8080-exec-6] INFO  com.msjexports.db.ProductManager - Read indv prod names [Coir Pith, Coir Fibre, Coconut, Cardamom, Pepper, Clove, Nutmeg & Mace]
15:19:12.298 [http-nio-8080-exec-6] INFO  com.msjexports.ui.ProductPageHandler - About page product names [Coir Pith, Coir Fibre, Coconut, Cardamom, Pepper, Clove, Nutmeg & Mace]
15:19:12.300 [http-nio-8080-exec-6] INFO  com.msjexports.db.DbHelper - Connection success
15:19:12.302 [http-nio-8080-exec-6] INFO  com.msjexports.db.ProductManager - Read indv prod names [Coir Pith]
15:19:12.302 [http-nio-8080-exec-6] INFO  com.msjexports.db.ProductManager - Read indv prod names [Coir Pith, Coir Fibre]
15:19:12.303 [http-nio-8080-exec-6] INFO  com.msjexports.db.ProductManager - Read indv prod names [Coir Pith, Coir Fibre, Coconut]
15:19:12.303 [http-nio-8080-exec-6] INFO  com.msjexports.db.ProductManager - Read indv prod names [Coir Pith, Coir Fibre, Coconut, Cardamom]
15:19:12.303 [http-nio-8080-exec-6] INFO  com.msjexports.db.ProductManager - Read indv prod names [Coir Pith, Coir Fibre, Coconut, Cardamom, Pepper]
15:19:12.304 [http-nio-8080-exec-6] INFO  com.msjexports.db.ProductManager - Read indv prod names [Coir Pith, Coir Fibre, Coconut, Cardamom, Pepper, Clove]
15:19:12.304 [http-nio-8080-exec-6] INFO  com.msjexports.db.ProductManager - Read indv prod names [Coir Pith, Coir Fibre, Coconut, Cardamom, Pepper, Clove, Nutmeg & Mace]
15:19:20.026 [http-nio-8080-exec-9] INFO  com.msjexports.ui.EnquiryPageHandler - Running in EnquiryPageHandler
15:19:20.032 [http-nio-8080-exec-9] INFO  com.msjexports.db.DbHelper - Connection success
15:19:20.033 [http-nio-8080-exec-9] INFO  com.msjexports.db.ProductManager - Read indv prod names [Coir Pith]
15:19:20.033 [http-nio-8080-exec-9] INFO  com.msjexports.db.ProductManager - Read indv prod names [Coir Pith, Coir Fibre]
15:19:20.033 [http-nio-8080-exec-9] INFO  com.msjexports.db.ProductManager - Read indv prod names [Coir Pith, Coir Fibre, Coconut]
15:19:20.034 [http-nio-8080-exec-9] INFO  com.msjexports.db.ProductManager - Read indv prod names [Coir Pith, Coir Fibre, Coconut, Cardamom]
15:19:20.034 [http-nio-8080-exec-9] INFO  com.msjexports.db.ProductManager - Read indv prod names [Coir Pith, Coir Fibre, Coconut, Cardamom, Pepper]
15:19:20.035 [http-nio-8080-exec-9] INFO  com.msjexports.db.ProductManager - Read indv prod names [Coir Pith, Coir Fibre, Coconut, Cardamom, Pepper, Clove]
15:19:20.035 [http-nio-8080-exec-9] INFO  com.msjexports.db.ProductManager - Read indv prod names [Coir Pith, Coir Fibre, Coconut, Cardamom, Pepper, Clove, Nutmeg & Mace]
15:19:20.036 [http-nio-8080-exec-9] INFO  com.msjexports.ui.EnquiryPageHandler - Enquiry page product names [Coir Pith, Coir Fibre, Coconut, Cardamom, Pepper, Clove, Nutmeg & Mace]
15:19:20.037 [http-nio-8080-exec-9] INFO  com.msjexports.db.DbHelper - Connection success
15:19:20.038 [http-nio-8080-exec-9] INFO  com.msjexports.db.ProductManager - Read indv prod names [Coir Pith]
15:19:20.039 [http-nio-8080-exec-9] INFO  com.msjexports.db.ProductManager - Read indv prod names [Coir Pith, Coir Fibre]
15:19:20.039 [http-nio-8080-exec-9] INFO  com.msjexports.db.ProductManager - Read indv prod names [Coir Pith, Coir Fibre, Coconut]
15:19:20.039 [http-nio-8080-exec-9] INFO  com.msjexports.db.ProductManager - Read indv prod names [Coir Pith, Coir Fibre, Coconut, Cardamom]
15:19:20.040 [http-nio-8080-exec-9] INFO  com.msjexports.db.ProductManager - Read indv prod names [Coir Pith, Coir Fibre, Coconut, Cardamom, Pepper]
15:19:20.040 [http-nio-8080-exec-9] INFO  com.msjexports.db.ProductManager - Read indv prod names [Coir Pith, Coir Fibre, Coconut, Cardamom, Pepper, Clove]
15:19:20.040 [http-nio-8080-exec-9] INFO  com.msjexports.db.ProductManager - Read indv prod names [Coir Pith, Coir Fibre, Coconut, Cardamom, Pepper, Clove, Nutmeg & Mace]
15:19:29.841 [http-nio-8080-exec-3] INFO  com.msjexports.ui.ContactPageHandler - Running in ContactPageHandler
15:19:29.848 [http-nio-8080-exec-3] INFO  com.msjexports.db.DbHelper - Connection success
15:19:29.849 [http-nio-8080-exec-3] INFO  com.msjexports.db.ProductManager - Read indv prod names [Coir Pith]
15:19:29.850 [http-nio-8080-exec-3] INFO  com.msjexports.db.ProductManager - Read indv prod names [Coir Pith, Coir Fibre]
15:19:29.850 [http-nio-8080-exec-3] INFO  com.msjexports.db.ProductManager - Read indv prod names [Coir Pith, Coir Fibre, Coconut]
15:19:29.851 [http-nio-8080-exec-3] INFO  com.msjexports.db.ProductManager - Read indv prod names [Coir Pith, Coir Fibre, Coconut, Cardamom]
15:19:29.851 [http-nio-8080-exec-3] INFO  com.msjexports.db.ProductManager - Read indv prod names [Coir Pith, Coir Fibre, Coconut, Cardamom, Pepper]
15:19:29.851 [http-nio-8080-exec-3] INFO  com.msjexports.db.ProductManager - Read indv prod names [Coir Pith, Coir Fibre, Coconut, Cardamom, Pepper, Clove]
15:19:29.852 [http-nio-8080-exec-3] INFO  com.msjexports.db.ProductManager - Read indv prod names [Coir Pith, Coir Fibre, Coconut, Cardamom, Pepper, Clove, Nutmeg & Mace]
15:19:29.853 [http-nio-8080-exec-3] INFO  com.msjexports.ui.ContactPageHandler - About page product names [Coir Pith, Coir Fibre, Coconut, Cardamom, Pepper, Clove, Nutmeg & Mace]
15:19:29.854 [http-nio-8080-exec-3] INFO  com.msjexports.db.DbHelper - Connection success
15:19:29.856 [http-nio-8080-exec-3] INFO  com.msjexports.db.ProductManager - Read indv prod names [Coir Pith]
15:19:29.857 [http-nio-8080-exec-3] INFO  com.msjexports.db.ProductManager - Read indv prod names [Coir Pith, Coir Fibre]
15:19:29.857 [http-nio-8080-exec-3] INFO  com.msjexports.db.ProductManager - Read indv prod names [Coir Pith, Coir Fibre, Coconut]
15:19:29.857 [http-nio-8080-exec-3] INFO  com.msjexports.db.ProductManager - Read indv prod names [Coir Pith, Coir Fibre, Coconut, Cardamom]
15:19:29.858 [http-nio-8080-exec-3] INFO  com.msjexports.db.ProductManager - Read indv prod names [Coir Pith, Coir Fibre, Coconut, Cardamom, Pepper]
15:19:29.858 [http-nio-8080-exec-3] INFO  com.msjexports.db.ProductManager - Read indv prod names [Coir Pith, Coir Fibre, Coconut, Cardamom, Pepper, Clove]
15:19:29.858 [http-nio-8080-exec-3] INFO  com.msjexports.db.ProductManager - Read indv prod names [Coir Pith, Coir Fibre, Coconut, Cardamom, Pepper, Clove, Nutmeg & Mace]
15:19:40.528 [http-nio-8080-exec-10] INFO  c.msjexports.handlers.Captchahandler - Generated captcha value :r7xgx
15:20:16.020 [http-nio-8080-exec-5] INFO  com.msjexports.ui.EnquiryPageHandler - Running in EnquiryPageHandler
15:20:16.029 [http-nio-8080-exec-5] INFO  com.msjexports.db.DbHelper - Connection success
15:20:16.031 [http-nio-8080-exec-5] INFO  com.msjexports.db.ProductManager - Read indv prod names [Coir Pith]
15:20:16.031 [http-nio-8080-exec-5] INFO  com.msjexports.db.ProductManager - Read indv prod names [Coir Pith, Coir Fibre]
15:20:16.032 [http-nio-8080-exec-5] INFO  com.msjexports.db.ProductManager - Read indv prod names [Coir Pith, Coir Fibre, Coconut]
15:20:16.032 [http-nio-8080-exec-5] INFO  com.msjexports.db.ProductManager - Read indv prod names [Coir Pith, Coir Fibre, Coconut, Cardamom]
15:20:16.033 [http-nio-8080-exec-5] INFO  com.msjexports.db.ProductManager - Read indv prod names [Coir Pith, Coir Fibre, Coconut, Cardamom, Pepper]
15:20:16.033 [http-nio-8080-exec-5] INFO  com.msjexports.db.ProductManager - Read indv prod names [Coir Pith, Coir Fibre, Coconut, Cardamom, Pepper, Clove]
15:20:16.034 [http-nio-8080-exec-5] INFO  com.msjexports.db.ProductManager - Read indv prod names [Coir Pith, Coir Fibre, Coconut, Cardamom, Pepper, Clove, Nutmeg & Mace]
15:20:16.035 [http-nio-8080-exec-5] INFO  com.msjexports.ui.EnquiryPageHandler - Enquiry page product names [Coir Pith, Coir Fibre, Coconut, Cardamom, Pepper, Clove, Nutmeg & Mace]
15:20:16.039 [http-nio-8080-exec-5] INFO  com.msjexports.db.DbHelper - Connection success
15:20:16.041 [http-nio-8080-exec-5] INFO  com.msjexports.db.ProductManager - Read indv prod names [Coir Pith]
15:20:16.041 [http-nio-8080-exec-5] INFO  com.msjexports.db.ProductManager - Read indv prod names [Coir Pith, Coir Fibre]
15:20:16.042 [http-nio-8080-exec-5] INFO  com.msjexports.db.ProductManager - Read indv prod names [Coir Pith, Coir Fibre, Coconut]
15:20:16.043 [http-nio-8080-exec-5] INFO  com.msjexports.db.ProductManager - Read indv prod names [Coir Pith, Coir Fibre, Coconut, Cardamom]
15:20:16.043 [http-nio-8080-exec-5] INFO  com.msjexports.db.ProductManager - Read indv prod names [Coir Pith, Coir Fibre, Coconut, Cardamom, Pepper]
15:20:16.044 [http-nio-8080-exec-5] INFO  com.msjexports.db.ProductManager - Read indv prod names [Coir Pith, Coir Fibre, Coconut, Cardamom, Pepper, Clove]
15:20:16.045 [http-nio-8080-exec-5] INFO  com.msjexports.db.ProductManager - Read indv prod names [Coir Pith, Coir Fibre, Coconut, Cardamom, Pepper, Clove, Nutmeg & Mace]
15:20:16.412 [http-nio-8080-exec-7] INFO  c.msjexports.handlers.Captchahandler - Generated captcha value :2w7rf
15:21:20.763 [http-nio-8080-exec-9] INFO  c.m.handlers.SendEnquiryhandler -  Downcasted Session captcha value : 2w7rf
15:21:20.764 [http-nio-8080-exec-9] INFO  c.m.handlers.SendEnquiryhandler -  Session captcha value : 2w7rf
15:21:20.770 [http-nio-8080-exec-9] INFO  c.m.handlers.SendEnquiryhandler -  User captcha value : swsdfsdf
15:21:20.773 [http-nio-8080-exec-9] INFO  c.m.handlers.SendEnquiryhandler -  User name value : wdsad
15:21:20.774 [http-nio-8080-exec-9] INFO  c.m.handlers.SendEnquiryhandler -  User email value : sadas@gmail.com
15:21:20.775 [http-nio-8080-exec-9] INFO  c.m.handlers.SendEnquiryhandler -  User phone value : 9483078475
15:21:20.779 [http-nio-8080-exec-9] INFO  c.m.handlers.SendEnquiryhandler -  User country value : India
15:21:20.780 [http-nio-8080-exec-9] INFO  c.m.handlers.SendEnquiryhandler -  User products value : Clove
15:21:20.785 [http-nio-8080-exec-9] INFO  c.m.handlers.SendEnquiryhandler -  User message value : Clove - 100 kg
15:21:20.800 [http-nio-8080-exec-9] INFO  com.msjexports.db.DbHelper - Connection success
15:21:20.805 [http-nio-8080-exec-9] INFO  com.msjexports.db.ProductManager - Read indv prod names [Coir Pith]
15:21:20.810 [http-nio-8080-exec-9] INFO  com.msjexports.db.ProductManager - Read indv prod names [Coir Pith, Coir Fibre]
15:21:20.811 [http-nio-8080-exec-9] INFO  com.msjexports.db.ProductManager - Read indv prod names [Coir Pith, Coir Fibre, Coconut]
15:21:20.814 [http-nio-8080-exec-9] INFO  com.msjexports.db.ProductManager - Read indv prod names [Coir Pith, Coir Fibre, Coconut, Cardamom]
15:21:20.815 [http-nio-8080-exec-9] INFO  com.msjexports.db.ProductManager - Read indv prod names [Coir Pith, Coir Fibre, Coconut, Cardamom, Pepper]
15:21:20.816 [http-nio-8080-exec-9] INFO  com.msjexports.db.ProductManager - Read indv prod names [Coir Pith, Coir Fibre, Coconut, Cardamom, Pepper, Clove]
15:21:20.817 [http-nio-8080-exec-9] INFO  com.msjexports.db.ProductManager - Read indv prod names [Coir Pith, Coir Fibre, Coconut, Cardamom, Pepper, Clove, Nutmeg & Mace]
15:21:20.819 [http-nio-8080-exec-9] INFO  c.m.handlers.SendEnquiryhandler - Send Enquiry page handler[Coir Pith, Coir Fibre, Coconut, Cardamom, Pepper, Clove, Nutmeg & Mace]
15:21:20.828 [http-nio-8080-exec-9] INFO  com.msjexports.db.DbHelper - Connection success
15:21:20.830 [http-nio-8080-exec-9] INFO  com.msjexports.db.ProductManager - Read indv prod names [Coir Pith]
15:21:20.830 [http-nio-8080-exec-9] INFO  com.msjexports.db.ProductManager - Read indv prod names [Coir Pith, Coir Fibre]
15:21:20.833 [http-nio-8080-exec-9] INFO  com.msjexports.db.ProductManager - Read indv prod names [Coir Pith, Coir Fibre, Coconut]
15:21:20.834 [http-nio-8080-exec-9] INFO  com.msjexports.db.ProductManager - Read indv prod names [Coir Pith, Coir Fibre, Coconut, Cardamom]
15:21:20.835 [http-nio-8080-exec-9] INFO  com.msjexports.db.ProductManager - Read indv prod names [Coir Pith, Coir Fibre, Coconut, Cardamom, Pepper]
15:21:20.843 [http-nio-8080-exec-9] INFO  com.msjexports.db.ProductManager - Read indv prod names [Coir Pith, Coir Fibre, Coconut, Cardamom, Pepper, Clove]
15:21:20.845 [http-nio-8080-exec-9] INFO  com.msjexports.db.ProductManager - Read indv prod names [Coir Pith, Coir Fibre, Coconut, Cardamom, Pepper, Clove, Nutmeg & Mace]
15:21:21.539 [http-nio-8080-exec-2] INFO  c.msjexports.handlers.Captchahandler - Generated captcha value :m6pbd
15:21:35.091 [http-nio-8080-exec-4] INFO  com.msjexports.handlers.AdminHandler - Running in get method
15:22:04.540 [http-nio-8080-exec-9] INFO  com.msjexports.handlers.Loginhandler - Running in LoginHandler Post method
15:22:04.541 [http-nio-8080-exec-9] INFO  com.msjexports.handlers.Loginhandler - Request JSON string :{"user":"mahendra","password":"Mahe@26"}
15:22:04.943 [http-nio-8080-exec-9] INFO  com.msjexports.handlers.Loginhandler - Json object : {"user":"mahendra","password":"Mahe@26"}
15:22:04.944 [http-nio-8080-exec-9] INFO  com.msjexports.handlers.Loginhandler - Username : mahendra Password : Mahe@26
15:22:04.981 [http-nio-8080-exec-9] INFO  com.msjexports.handlers.Loginhandler -  aUser mahendra
15:22:04.982 [http-nio-8080-exec-9] INFO  com.msjexports.handlers.Loginhandler -  aPwd Mahe@26
15:22:04.989 [http-nio-8080-exec-9] INFO  com.msjexports.handlers.Loginhandler - user credentials are correct
15:22:05.005 [http-nio-8080-exec-9] INFO  com.msjexports.db.DbHelper - Connection success
15:22:05.009 [http-nio-8080-exec-9] INFO  com.msjexports.db.ProductManager - Read indv prod names [Coir Pith]
15:22:05.013 [http-nio-8080-exec-9] INFO  com.msjexports.db.ProductManager - Read indv prod names [Coir Pith, Coir Fibre]
15:22:05.017 [http-nio-8080-exec-9] INFO  com.msjexports.db.ProductManager - Read indv prod names [Coir Pith, Coir Fibre, Coconut]
15:22:05.022 [http-nio-8080-exec-9] INFO  com.msjexports.db.ProductManager - Read indv prod names [Coir Pith, Coir Fibre, Coconut, Cardamom]
15:22:05.027 [http-nio-8080-exec-9] INFO  com.msjexports.db.ProductManager - Read indv prod names [Coir Pith, Coir Fibre, Coconut, Cardamom, Pepper]
15:22:05.028 [http-nio-8080-exec-9] INFO  com.msjexports.db.ProductManager - Read indv prod names [Coir Pith, Coir Fibre, Coconut, Cardamom, Pepper, Clove]
15:22:05.030 [http-nio-8080-exec-9] INFO  com.msjexports.db.ProductManager - Read indv prod names [Coir Pith, Coir Fibre, Coconut, Cardamom, Pepper, Clove, Nutmeg & Mace]
15:22:17.890 [http-nio-8080-exec-3] INFO  c.m.handlers.Addproducthandler - Running in Addproducthandler Post method
15:22:17.895 [http-nio-8080-exec-3] INFO  c.m.handlers.Addproducthandler - Single product name :Abu
15:22:17.899 [http-nio-8080-exec-3] INFO  com.msjexports.db.DbHelper - Connection success
15:22:24.132 [http-nio-8080-exec-10] INFO  com.msjexports.ui.IndexPageHandler - Running in Index Servlet
15:22:24.137 [http-nio-8080-exec-10] INFO  com.msjexports.db.DbHelper - Connection success
15:22:24.140 [http-nio-8080-exec-10] INFO  com.msjexports.db.ProductManager - Read indv prod names [Coir Pith]
15:22:24.140 [http-nio-8080-exec-10] INFO  com.msjexports.db.ProductManager - Read indv prod names [Coir Pith, Coir Fibre]
15:22:24.141 [http-nio-8080-exec-10] INFO  com.msjexports.db.ProductManager - Read indv prod names [Coir Pith, Coir Fibre, Coconut]
15:22:24.142 [http-nio-8080-exec-10] INFO  com.msjexports.db.ProductManager - Read indv prod names [Coir Pith, Coir Fibre, Coconut, Cardamom]
15:22:24.143 [http-nio-8080-exec-10] INFO  com.msjexports.db.ProductManager - Read indv prod names [Coir Pith, Coir Fibre, Coconut, Cardamom, Pepper]
15:22:24.145 [http-nio-8080-exec-10] INFO  com.msjexports.db.ProductManager - Read indv prod names [Coir Pith, Coir Fibre, Coconut, Cardamom, Pepper, Clove]
15:22:24.154 [http-nio-8080-exec-10] INFO  com.msjexports.db.ProductManager - Read indv prod names [Coir Pith, Coir Fibre, Coconut, Cardamom, Pepper, Clove, Nutmeg & Mace]
15:22:24.154 [http-nio-8080-exec-10] INFO  com.msjexports.db.ProductManager - Read indv prod names [Coir Pith, Coir Fibre, Coconut, Cardamom, Pepper, Clove, Nutmeg & Mace, Abu]
15:22:24.156 [http-nio-8080-exec-10] INFO  com.msjexports.ui.IndexPageHandler - Read Index Product names are 
15:23:21.553 [http-nio-8080-exec-6] INFO  com.msjexports.ui.EnquiryPageHandler - Running in EnquiryPageHandler
15:23:21.565 [http-nio-8080-exec-6] INFO  com.msjexports.db.DbHelper - Connection success
15:23:21.568 [http-nio-8080-exec-6] INFO  com.msjexports.db.ProductManager - Read indv prod names [Coir Pith]
15:23:21.568 [http-nio-8080-exec-6] INFO  com.msjexports.db.ProductManager - Read indv prod names [Coir Pith, Coir Fibre]
15:23:21.571 [http-nio-8080-exec-6] INFO  com.msjexports.db.ProductManager - Read indv prod names [Coir Pith, Coir Fibre, Coconut]
15:23:21.572 [http-nio-8080-exec-6] INFO  com.msjexports.db.ProductManager - Read indv prod names [Coir Pith, Coir Fibre, Coconut, Cardamom]
15:23:21.573 [http-nio-8080-exec-6] INFO  com.msjexports.db.ProductManager - Read indv prod names [Coir Pith, Coir Fibre, Coconut, Cardamom, Pepper]
15:23:21.574 [http-nio-8080-exec-6] INFO  com.msjexports.db.ProductManager - Read indv prod names [Coir Pith, Coir Fibre, Coconut, Cardamom, Pepper, Clove]
15:23:21.577 [http-nio-8080-exec-6] INFO  com.msjexports.db.ProductManager - Read indv prod names [Coir Pith, Coir Fibre, Coconut, Cardamom, Pepper, Clove, Nutmeg & Mace]
15:23:21.587 [http-nio-8080-exec-6] INFO  com.msjexports.db.ProductManager - Read indv prod names [Coir Pith, Coir Fibre, Coconut, Cardamom, Pepper, Clove, Nutmeg & Mace, Abu]
15:23:21.588 [http-nio-8080-exec-6] INFO  com.msjexports.ui.EnquiryPageHandler - Enquiry page product names [Coir Pith, Coir Fibre, Coconut, Cardamom, Pepper, Clove, Nutmeg & Mace, Abu]
15:23:21.590 [http-nio-8080-exec-6] INFO  com.msjexports.db.DbHelper - Connection success
15:23:21.591 [http-nio-8080-exec-6] INFO  com.msjexports.db.ProductManager - Read indv prod names [Coir Pith]
15:23:21.592 [http-nio-8080-exec-6] INFO  com.msjexports.db.ProductManager - Read indv prod names [Coir Pith, Coir Fibre]
15:23:21.593 [http-nio-8080-exec-6] INFO  com.msjexports.db.ProductManager - Read indv prod names [Coir Pith, Coir Fibre, Coconut]
15:23:21.598 [http-nio-8080-exec-6] INFO  com.msjexports.db.ProductManager - Read indv prod names [Coir Pith, Coir Fibre, Coconut, Cardamom]
15:23:21.602 [http-nio-8080-exec-6] INFO  com.msjexports.db.ProductManager - Read indv prod names [Coir Pith, Coir Fibre, Coconut, Cardamom, Pepper]
15:23:21.603 [http-nio-8080-exec-6] INFO  com.msjexports.db.ProductManager - Read indv prod names [Coir Pith, Coir Fibre, Coconut, Cardamom, Pepper, Clove]
15:23:21.604 [http-nio-8080-exec-6] INFO  com.msjexports.db.ProductManager - Read indv prod names [Coir Pith, Coir Fibre, Coconut, Cardamom, Pepper, Clove, Nutmeg & Mace]
15:23:21.605 [http-nio-8080-exec-6] INFO  com.msjexports.db.ProductManager - Read indv prod names [Coir Pith, Coir Fibre, Coconut, Cardamom, Pepper, Clove, Nutmeg & Mace, Abu]
15:23:21.698 [http-nio-8080-exec-8] INFO  c.msjexports.handlers.Captchahandler - Generated captcha value :bhhx4
15:23:27.653 [http-nio-8080-exec-9] INFO  com.msjexports.ui.ProductPageHandler -  I'm Running in Get Method of ProductUIhandler
15:23:27.654 [http-nio-8080-exec-9] INFO  com.msjexports.ui.ProductPageHandler - The requested products Abu
15:23:27.658 [http-nio-8080-exec-9] INFO  com.msjexports.ui.ProductPageHandler -  Length of the product 3
15:23:27.672 [http-nio-8080-exec-9] INFO  com.msjexports.db.DbHelper - Connection success
15:23:27.677 [http-nio-8080-exec-9] INFO  com.msjexports.db.DbHelper - Connection success
15:23:27.680 [http-nio-8080-exec-9] INFO  com.msjexports.ui.ProductPageHandler - The product id for the product name : Abu prodId : 35 aliasName : 
15:23:27.686 [http-nio-8080-exec-9] INFO  com.msjexports.ui.ProductPageHandler - Alias
15:23:27.689 [http-nio-8080-exec-9] INFO  com.msjexports.db.DbHelper - Connection success
15:23:27.693 [http-nio-8080-exec-9] INFO  com.msjexports.db.DbHelper - Connection success
15:23:27.704 [http-nio-8080-exec-9] INFO  com.msjexports.db.DbHelper - Connection success
15:23:27.709 [http-nio-8080-exec-9] INFO  com.msjexports.db.DbHelper - Connection success
15:23:27.712 [http-nio-8080-exec-9] INFO  com.msjexports.ui.ProductPageHandler - selected gallery image1 
15:23:27.716 [http-nio-8080-exec-9] INFO  com.msjexports.ui.ProductPageHandler - selected gallery image2 
15:23:27.717 [http-nio-8080-exec-9] INFO  com.msjexports.ui.ProductPageHandler - selected gallery image3 
15:23:27.720 [http-nio-8080-exec-9] INFO  com.msjexports.db.DbHelper - Connection success
15:23:27.724 [http-nio-8080-exec-9] INFO  com.msjexports.ui.ProductPageHandler - paraText[]
15:23:27.727 [http-nio-8080-exec-9] INFO  com.msjexports.db.DbHelper - Connection success
15:23:27.729 [http-nio-8080-exec-9] INFO  com.msjexports.ui.ProductPageHandler - ProdDescList[]
15:23:27.733 [http-nio-8080-exec-9] INFO  com.msjexports.db.DbHelper - Connection success
15:23:27.741 [http-nio-8080-exec-9] INFO  com.msjexports.ui.ProductPageHandler - UsesDescList[]
15:23:27.742 [http-nio-8080-exec-9] INFO  com.msjexports.db.DbHelper - Connection success
15:23:27.743 [http-nio-8080-exec-9] INFO  com.msjexports.db.ProductManager - Read indv prod names [Coir Pith]
15:23:27.754 [http-nio-8080-exec-9] INFO  com.msjexports.db.ProductManager - Read indv prod names [Coir Pith, Coir Fibre]
15:23:27.756 [http-nio-8080-exec-9] INFO  com.msjexports.db.ProductManager - Read indv prod names [Coir Pith, Coir Fibre, Coconut]
15:23:27.756 [http-nio-8080-exec-9] INFO  com.msjexports.db.ProductManager - Read indv prod names [Coir Pith, Coir Fibre, Coconut, Cardamom]
15:23:27.757 [http-nio-8080-exec-9] INFO  com.msjexports.db.ProductManager - Read indv prod names [Coir Pith, Coir Fibre, Coconut, Cardamom, Pepper]
15:23:27.759 [http-nio-8080-exec-9] INFO  com.msjexports.db.ProductManager - Read indv prod names [Coir Pith, Coir Fibre, Coconut, Cardamom, Pepper, Clove]
15:23:27.760 [http-nio-8080-exec-9] INFO  com.msjexports.db.ProductManager - Read indv prod names [Coir Pith, Coir Fibre, Coconut, Cardamom, Pepper, Clove, Nutmeg & Mace]
15:23:27.768 [http-nio-8080-exec-9] INFO  com.msjexports.db.ProductManager - Read indv prod names [Coir Pith, Coir Fibre, Coconut, Cardamom, Pepper, Clove, Nutmeg & Mace, Abu]
15:23:27.770 [http-nio-8080-exec-9] INFO  com.msjexports.ui.ProductPageHandler - About page product names [Coir Pith, Coir Fibre, Coconut, Cardamom, Pepper, Clove, Nutmeg & Mace, Abu]
15:23:27.772 [http-nio-8080-exec-9] INFO  com.msjexports.db.DbHelper - Connection success
15:23:27.773 [http-nio-8080-exec-9] INFO  com.msjexports.db.ProductManager - Read indv prod names [Coir Pith]
15:23:27.773 [http-nio-8080-exec-9] INFO  com.msjexports.db.ProductManager - Read indv prod names [Coir Pith, Coir Fibre]
15:23:27.775 [http-nio-8080-exec-9] INFO  com.msjexports.db.ProductManager - Read indv prod names [Coir Pith, Coir Fibre, Coconut]
15:23:27.776 [http-nio-8080-exec-9] INFO  com.msjexports.db.ProductManager - Read indv prod names [Coir Pith, Coir Fibre, Coconut, Cardamom]
15:23:27.785 [http-nio-8080-exec-9] INFO  com.msjexports.db.ProductManager - Read indv prod names [Coir Pith, Coir Fibre, Coconut, Cardamom, Pepper]
15:23:27.786 [http-nio-8080-exec-9] INFO  com.msjexports.db.ProductManager - Read indv prod names [Coir Pith, Coir Fibre, Coconut, Cardamom, Pepper, Clove]
15:23:27.787 [http-nio-8080-exec-9] INFO  com.msjexports.db.ProductManager - Read indv prod names [Coir Pith, Coir Fibre, Coconut, Cardamom, Pepper, Clove, Nutmeg & Mace]
15:23:27.788 [http-nio-8080-exec-9] INFO  com.msjexports.db.ProductManager - Read indv prod names [Coir Pith, Coir Fibre, Coconut, Cardamom, Pepper, Clove, Nutmeg & Mace, Abu]
15:24:02.869 [http-nio-8080-exec-4] INFO  com.msjexports.ui.IndexPageHandler - Running in Index Servlet
15:24:02.877 [http-nio-8080-exec-4] INFO  com.msjexports.db.DbHelper - Connection success
15:24:02.879 [http-nio-8080-exec-4] INFO  com.msjexports.db.ProductManager - Read indv prod names [Coir Pith]
15:24:02.879 [http-nio-8080-exec-4] INFO  com.msjexports.db.ProductManager - Read indv prod names [Coir Pith, Coir Fibre]
15:24:02.880 [http-nio-8080-exec-4] INFO  com.msjexports.db.ProductManager - Read indv prod names [Coir Pith, Coir Fibre, Coconut]
15:24:02.881 [http-nio-8080-exec-4] INFO  com.msjexports.db.ProductManager - Read indv prod names [Coir Pith, Coir Fibre, Coconut, Cardamom]
15:24:02.885 [http-nio-8080-exec-4] INFO  com.msjexports.db.ProductManager - Read indv prod names [Coir Pith, Coir Fibre, Coconut, Cardamom, Pepper]
15:24:02.888 [http-nio-8080-exec-4] INFO  com.msjexports.db.ProductManager - Read indv prod names [Coir Pith, Coir Fibre, Coconut, Cardamom, Pepper, Clove]
15:24:02.891 [http-nio-8080-exec-4] INFO  com.msjexports.db.ProductManager - Read indv prod names [Coir Pith, Coir Fibre, Coconut, Cardamom, Pepper, Clove, Nutmeg & Mace]
15:24:02.892 [http-nio-8080-exec-4] INFO  com.msjexports.db.ProductManager - Read indv prod names [Coir Pith, Coir Fibre, Coconut, Cardamom, Pepper, Clove, Nutmeg & Mace, Abu]
15:24:02.893 [http-nio-8080-exec-4] INFO  com.msjexports.ui.IndexPageHandler - Read Index Product names are 
15:24:08.909 [http-nio-8080-exec-10] INFO  com.msjexports.handlers.AdminHandler - Running in get method
15:24:21.187 [http-nio-8080-exec-6] INFO  com.msjexports.handlers.Loginhandler - Running in LoginHandler Post method
15:24:21.188 [http-nio-8080-exec-6] INFO  com.msjexports.handlers.Loginhandler - Request JSON string :{"user":"mahendra","password":"Mahe@26"}
15:24:21.195 [http-nio-8080-exec-6] INFO  com.msjexports.handlers.Loginhandler - Json object : {"user":"mahendra","password":"Mahe@26"}
15:24:21.195 [http-nio-8080-exec-6] INFO  com.msjexports.handlers.Loginhandler - Username : mahendra Password : Mahe@26
15:24:21.201 [http-nio-8080-exec-6] INFO  com.msjexports.handlers.Loginhandler -  aUser mahendra
15:24:21.203 [http-nio-8080-exec-6] INFO  com.msjexports.handlers.Loginhandler -  aPwd Mahe@26
15:24:21.204 [http-nio-8080-exec-6] INFO  com.msjexports.handlers.Loginhandler - user credentials are correct
15:24:21.212 [http-nio-8080-exec-6] INFO  com.msjexports.db.DbHelper - Connection success
15:24:21.221 [http-nio-8080-exec-6] INFO  com.msjexports.db.ProductManager - Read indv prod names [Coir Pith]
15:24:21.223 [http-nio-8080-exec-6] INFO  com.msjexports.db.ProductManager - Read indv prod names [Coir Pith, Coir Fibre]
15:24:21.224 [http-nio-8080-exec-6] INFO  com.msjexports.db.ProductManager - Read indv prod names [Coir Pith, Coir Fibre, Coconut]
15:24:21.226 [http-nio-8080-exec-6] INFO  com.msjexports.db.ProductManager - Read indv prod names [Coir Pith, Coir Fibre, Coconut, Cardamom]
15:24:21.232 [http-nio-8080-exec-6] INFO  com.msjexports.db.ProductManager - Read indv prod names [Coir Pith, Coir Fibre, Coconut, Cardamom, Pepper]
15:24:21.234 [http-nio-8080-exec-6] INFO  com.msjexports.db.ProductManager - Read indv prod names [Coir Pith, Coir Fibre, Coconut, Cardamom, Pepper, Clove]
15:24:21.236 [http-nio-8080-exec-6] INFO  com.msjexports.db.ProductManager - Read indv prod names [Coir Pith, Coir Fibre, Coconut, Cardamom, Pepper, Clove, Nutmeg & Mace]
15:24:21.238 [http-nio-8080-exec-6] INFO  com.msjexports.db.ProductManager - Read indv prod names [Coir Pith, Coir Fibre, Coconut, Cardamom, Pepper, Clove, Nutmeg & Mace, Abu]
15:24:24.857 [http-nio-8080-exec-9] INFO  c.m.h.ProductDetailViewhandler - Detail page loading for Abu
15:24:24.859 [http-nio-8080-exec-9] INFO  com.msjexports.db.DbHelper - Connection success
15:24:24.866 [http-nio-8080-exec-9] INFO  com.msjexports.db.DbHelper - Connection success
15:24:24.870 [http-nio-8080-exec-9] INFO  com.msjexports.db.DbHelper - Connection success
15:24:24.910 [http-nio-8080-exec-9] INFO  com.msjexports.db.DbHelper - Connection success
15:24:24.914 [http-nio-8080-exec-9] INFO  com.msjexports.db.DbHelper - Connection success
15:24:24.917 [http-nio-8080-exec-9] INFO  com.msjexports.db.DbHelper - Connection success
15:24:24.921 [http-nio-8080-exec-9] INFO  com.msjexports.db.DbHelper - Connection success
15:24:24.927 [http-nio-8080-exec-9] INFO  com.msjexports.db.DbHelper - Connection success
15:24:53.650 [http-nio-8080-exec-1] INFO  c.m.handlers.BannerImageHandler - Banner Upload File Directory=C:\Users\sheriff\Desktop\RestApi\MSJExports3\target\tomcat.8080\webapps\expanded\uploads
15:24:53.769 [http-nio-8080-exec-1] INFO  c.m.handlers.BannerImageHandler - content-disposition header= form-data; name="file"; filename="firstbanner.png"
15:24:53.770 [http-nio-8080-exec-1] INFO  c.m.handlers.BannerImageHandler - Banner Image: bannerImage
15:24:53.774 [http-nio-8080-exec-1] INFO  c.m.handlers.BannerImageHandler - Product Type : Abu
15:24:53.786 [http-nio-8080-exec-1] INFO  com.msjexports.db.DbHelper - Connection success
15:24:53.789 [http-nio-8080-exec-1] INFO  c.m.handlers.BannerImageHandler - Prod id for the given prod name35
15:24:53.791 [http-nio-8080-exec-1] INFO  com.msjexports.db.DbHelper - Connection success
15:24:53.797 [http-nio-8080-exec-1] INFO  c.m.handlers.BannerImageHandler - Banner name
15:24:53.804 [http-nio-8080-exec-1] INFO  com.msjexports.db.DbHelper - Connection success
15:25:11.820 [http-nio-8080-exec-4] INFO  c.m.handlers.GalleryImageHandler - Gallery Upload File Directory=C:\Users\sheriff\Desktop\RestApi\MSJExports3\target\tomcat.8080\webapps\expanded\uploads
15:25:11.839 [http-nio-8080-exec-4] INFO  c.m.handlers.GalleryImageHandler - content-disposition header= form-data; name="file"; filename="hq_logo.png"
15:25:11.840 [http-nio-8080-exec-4] INFO  c.m.handlers.GalleryImageHandler - imagePos : Image 2
15:25:11.841 [http-nio-8080-exec-4] INFO  c.m.handlers.GalleryImageHandler - Product Type : Abu
15:25:11.853 [http-nio-8080-exec-4] INFO  com.msjexports.db.DbHelper - Connection success
15:25:11.854 [http-nio-8080-exec-4] INFO  c.m.handlers.GalleryImageHandler - Prod id for the given prod name35
15:25:11.857 [http-nio-8080-exec-4] INFO  com.msjexports.db.DbHelper - Connection success
15:25:11.861 [http-nio-8080-exec-4] INFO  c.m.handlers.GalleryImageHandler - Gallery name Gallery Ref Image 2
15:25:11.865 [http-nio-8080-exec-4] INFO  com.msjexports.db.DbHelper - Connection success
15:25:17.105 [http-nio-8080-exec-10] INFO  c.m.p.AddProductDescParahandler - Running in AddProductDescParahandler Post method
15:25:17.106 [http-nio-8080-exec-10] INFO  c.m.p.AddProductDescParahandler - Request JSON string :{"addParaValue":"Abu1","productName":"Abu"}
15:25:17.110 [http-nio-8080-exec-10] INFO  c.m.p.AddProductDescParahandler - Json object : {"addParaValue":"Abu1","productName":"Abu"}
15:25:17.116 [http-nio-8080-exec-10] INFO  c.m.p.AddProductDescParahandler - Received paragraph Abu1
15:25:17.121 [http-nio-8080-exec-10] INFO  com.msjexports.db.DbHelper - Connection success
15:25:17.128 [http-nio-8080-exec-10] INFO  com.msjexports.db.DbHelper - Connection success
15:25:17.130 [http-nio-8080-exec-10] INFO  com.msjexports.db.DbHelper - Connection success
15:25:17.305 [http-nio-8080-exec-10] INFO  c.msjexports.db.DescParagraphManager - new para id of inserted col 45
15:25:22.114 [http-nio-8080-exec-5] INFO  c.m.p.AddProductDescListhandler - Running in AddProductDescListhandler Post method
15:25:22.115 [http-nio-8080-exec-5] INFO  c.m.p.AddProductDescListhandler - Request JSON string :{"addListValue":"Abu2","productName":"Abu"}
15:25:22.118 [http-nio-8080-exec-5] INFO  c.m.p.AddProductDescListhandler - Json object : {"addListValue":"Abu2","productName":"Abu"}
15:25:22.123 [http-nio-8080-exec-5] INFO  c.m.p.AddProductDescListhandler - Received List Abu2
15:25:22.127 [http-nio-8080-exec-5] INFO  com.msjexports.db.DbHelper - Connection success
15:25:22.137 [http-nio-8080-exec-5] INFO  com.msjexports.db.DbHelper - Connection success
15:25:22.140 [http-nio-8080-exec-5] INFO  com.msjexports.db.DbHelper - Connection success
15:25:22.308 [http-nio-8080-exec-5] INFO  com.msjexports.db.DescListManager - new List id of inserted col 18
15:25:26.498 [http-nio-8080-exec-6] INFO  c.m.p.AddProductUsesListhandler - Running in AddProductUsesListhandler Post method
15:25:26.499 [http-nio-8080-exec-6] INFO  c.m.p.AddProductUsesListhandler - Request JSON string :{"addUsesListValue":"Abu3","productName":"Abu"}
15:25:26.503 [http-nio-8080-exec-6] INFO  c.m.p.AddProductUsesListhandler - Json object : {"addUsesListValue":"Abu3","productName":"Abu"}
15:25:26.507 [http-nio-8080-exec-6] INFO  c.m.p.AddProductUsesListhandler - Received List Abu3
15:25:26.515 [http-nio-8080-exec-6] INFO  com.msjexports.db.DbHelper - Connection success
15:25:26.522 [http-nio-8080-exec-6] INFO  com.msjexports.db.DbHelper - Connection success
15:25:26.525 [http-nio-8080-exec-6] INFO  com.msjexports.db.DbHelper - Connection success
15:25:26.731 [http-nio-8080-exec-6] INFO  com.msjexports.db.UsesListManager - new List id of inserted col 130
15:25:31.936 [http-nio-8080-exec-9] INFO  c.m.p.EditProductDescParahandler - Running in EditProductDescParahandler Post method
15:25:31.937 [http-nio-8080-exec-9] INFO  c.m.p.EditProductDescParahandler - Request JSON string :{"editParaValue":"Abu11","editParaId":"45"}
15:25:31.943 [http-nio-8080-exec-9] INFO  c.m.p.EditProductDescParahandler - Json object : {"editParaValue":"Abu11","editParaId":"45"}
15:25:31.944 [http-nio-8080-exec-9] INFO  c.m.p.EditProductDescParahandler - Received edit paragraph 45
15:25:31.950 [http-nio-8080-exec-9] INFO  com.msjexports.db.DbHelper - Connection success
15:25:32.242 [http-nio-8080-exec-9] INFO  c.m.p.EditProductDescParahandler - Update Para count value 1
15:25:35.851 [http-nio-8080-exec-2] INFO  c.m.p.EditProductDescListhandler - Running in EditProductDescListhandler Post method
15:25:35.852 [http-nio-8080-exec-2] INFO  c.m.p.EditProductDescListhandler - Request JSON string :{"editListValue":"Abu22","editListId":"18"}
15:25:35.855 [http-nio-8080-exec-2] INFO  c.m.p.EditProductDescListhandler - Json object : {"editListValue":"Abu22","editListId":"18"}
15:25:35.859 [http-nio-8080-exec-2] INFO  c.m.p.EditProductDescListhandler - Received edit list 18
15:25:35.862 [http-nio-8080-exec-2] INFO  com.msjexports.db.DbHelper - Connection success
15:25:36.268 [http-nio-8080-exec-2] INFO  c.m.p.EditProductDescListhandler - Update list count value 1
15:25:41.257 [http-nio-8080-exec-1] INFO  c.m.p.EditProductUsesListhandler - Running in EditProductUsesListhandler Post method
15:25:41.258 [http-nio-8080-exec-1] INFO  c.m.p.EditProductUsesListhandler - Request JSON string :{"editListValue":"Abu33","editListId":"130"}
15:25:41.263 [http-nio-8080-exec-1] INFO  c.m.p.EditProductUsesListhandler - Json object : {"editListValue":"Abu33","editListId":"130"}
15:25:41.265 [http-nio-8080-exec-1] INFO  c.m.p.EditProductUsesListhandler - Received edit list 130
15:25:41.276 [http-nio-8080-exec-1] INFO  com.msjexports.db.DbHelper - Connection success
15:25:41.405 [http-nio-8080-exec-1] INFO  c.m.p.EditProductUsesListhandler - Update list count value 1
15:25:46.678 [http-nio-8080-exec-4] INFO  com.msjexports.ui.ProductPageHandler -  I'm Running in Get Method of ProductUIhandler
15:25:46.679 [http-nio-8080-exec-4] INFO  com.msjexports.ui.ProductPageHandler - The requested products Abu
15:25:46.682 [http-nio-8080-exec-4] INFO  com.msjexports.ui.ProductPageHandler -  Length of the product 3
15:25:46.691 [http-nio-8080-exec-4] INFO  com.msjexports.db.DbHelper - Connection success
15:25:46.697 [http-nio-8080-exec-4] INFO  com.msjexports.db.DbHelper - Connection success
15:25:46.699 [http-nio-8080-exec-4] INFO  com.msjexports.ui.ProductPageHandler - The product id for the product name : Abu prodId : 35 aliasName : 
15:25:46.699 [http-nio-8080-exec-4] INFO  com.msjexports.ui.ProductPageHandler - Alias
15:25:46.705 [http-nio-8080-exec-4] INFO  com.msjexports.db.DbHelper - Connection success
15:25:46.711 [http-nio-8080-exec-4] INFO  com.msjexports.db.DbHelper - Connection success
15:25:46.714 [http-nio-8080-exec-4] INFO  com.msjexports.db.DbHelper - Connection success
15:25:46.716 [http-nio-8080-exec-4] INFO  com.msjexports.db.DbHelper - Connection success
15:25:46.724 [http-nio-8080-exec-4] INFO  com.msjexports.ui.ProductPageHandler - selected gallery image1 
15:25:46.724 [http-nio-8080-exec-4] INFO  com.msjexports.ui.ProductPageHandler - selected gallery image2 hq_logo.png
15:25:46.725 [http-nio-8080-exec-4] INFO  com.msjexports.ui.ProductPageHandler - selected gallery image3 
15:25:46.727 [http-nio-8080-exec-4] INFO  com.msjexports.db.DbHelper - Connection success
15:25:46.730 [http-nio-8080-exec-4] INFO  com.msjexports.ui.ProductPageHandler - paraText[Abu11]
15:25:46.734 [http-nio-8080-exec-4] INFO  com.msjexports.db.DbHelper - Connection success
15:25:46.740 [http-nio-8080-exec-4] INFO  com.msjexports.ui.ProductPageHandler - ProdDescList[Abu22]
15:25:46.742 [http-nio-8080-exec-4] INFO  com.msjexports.db.DbHelper - Connection success
15:25:46.746 [http-nio-8080-exec-4] INFO  com.msjexports.ui.ProductPageHandler - UsesDescList[Abu33]
15:25:46.750 [http-nio-8080-exec-4] INFO  com.msjexports.db.DbHelper - Connection success
15:25:46.758 [http-nio-8080-exec-4] INFO  com.msjexports.db.ProductManager - Read indv prod names [Coir Pith]
15:25:46.773 [http-nio-8080-exec-4] INFO  com.msjexports.db.ProductManager - Read indv prod names [Coir Pith, Coir Fibre]
15:25:46.776 [http-nio-8080-exec-4] INFO  com.msjexports.db.ProductManager - Read indv prod names [Coir Pith, Coir Fibre, Coconut]
15:25:46.778 [http-nio-8080-exec-4] INFO  com.msjexports.db.ProductManager - Read indv prod names [Coir Pith, Coir Fibre, Coconut, Cardamom]
15:25:46.780 [http-nio-8080-exec-4] INFO  com.msjexports.db.ProductManager - Read indv prod names [Coir Pith, Coir Fibre, Coconut, Cardamom, Pepper]
15:25:46.781 [http-nio-8080-exec-4] INFO  com.msjexports.db.ProductManager - Read indv prod names [Coir Pith, Coir Fibre, Coconut, Cardamom, Pepper, Clove]
15:25:46.782 [http-nio-8080-exec-4] INFO  com.msjexports.db.ProductManager - Read indv prod names [Coir Pith, Coir Fibre, Coconut, Cardamom, Pepper, Clove, Nutmeg & Mace]
15:25:46.784 [http-nio-8080-exec-4] INFO  com.msjexports.db.ProductManager - Read indv prod names [Coir Pith, Coir Fibre, Coconut, Cardamom, Pepper, Clove, Nutmeg & Mace, Abu]
15:25:46.796 [http-nio-8080-exec-4] INFO  com.msjexports.ui.ProductPageHandler - About page product names [Coir Pith, Coir Fibre, Coconut, Cardamom, Pepper, Clove, Nutmeg & Mace, Abu]
15:25:46.798 [http-nio-8080-exec-4] INFO  com.msjexports.db.DbHelper - Connection success
15:25:46.799 [http-nio-8080-exec-4] INFO  com.msjexports.db.ProductManager - Read indv prod names [Coir Pith]
15:25:46.799 [http-nio-8080-exec-4] INFO  com.msjexports.db.ProductManager - Read indv prod names [Coir Pith, Coir Fibre]
15:25:46.800 [http-nio-8080-exec-4] INFO  com.msjexports.db.ProductManager - Read indv prod names [Coir Pith, Coir Fibre, Coconut]
15:25:46.802 [http-nio-8080-exec-4] INFO  com.msjexports.db.ProductManager - Read indv prod names [Coir Pith, Coir Fibre, Coconut, Cardamom]
15:25:46.810 [http-nio-8080-exec-4] INFO  com.msjexports.db.ProductManager - Read indv prod names [Coir Pith, Coir Fibre, Coconut, Cardamom, Pepper]
15:25:46.811 [http-nio-8080-exec-4] INFO  com.msjexports.db.ProductManager - Read indv prod names [Coir Pith, Coir Fibre, Coconut, Cardamom, Pepper, Clove]
15:25:46.812 [http-nio-8080-exec-4] INFO  com.msjexports.db.ProductManager - Read indv prod names [Coir Pith, Coir Fibre, Coconut, Cardamom, Pepper, Clove, Nutmeg & Mace]
15:25:46.813 [http-nio-8080-exec-4] INFO  com.msjexports.db.ProductManager - Read indv prod names [Coir Pith, Coir Fibre, Coconut, Cardamom, Pepper, Clove, Nutmeg & Mace, Abu]
15:26:04.020 [http-nio-8080-exec-3] INFO  c.m.handlers.Deleteproducthandler - Running in Deleteproducthandler Post method
15:26:04.024 [http-nio-8080-exec-3] INFO  c.m.handlers.Deleteproducthandler - del product name :Abu
15:26:04.035 [http-nio-8080-exec-3] INFO  com.msjexports.db.DbHelper - Connection success
15:26:04.040 [http-nio-8080-exec-3] INFO  com.msjexports.db.DbHelper - Connection success
15:26:04.215 [http-nio-8080-exec-3] INFO  com.msjexports.db.DbHelper - Connection success
15:26:04.304 [http-nio-8080-exec-3] INFO  com.msjexports.db.DbHelper - Connection success
15:26:04.436 [http-nio-8080-exec-3] INFO  com.msjexports.db.DbHelper - Connection success
15:26:04.464 [http-nio-8080-exec-3] INFO  com.msjexports.db.DbHelper - Connection success
15:26:04.467 [http-nio-8080-exec-3] INFO  com.msjexports.db.DbHelper - Connection success
15:26:04.469 [http-nio-8080-exec-3] INFO  c.msjexports.db.GalleryImageManager - Inside Gallery Name hq_logo.png
15:26:04.473 [http-nio-8080-exec-3] INFO  com.msjexports.db.DbHelper - Connection success
15:26:04.482 [http-nio-8080-exec-3] INFO  com.msjexports.db.DbHelper - Connection success
15:26:04.580 [http-nio-8080-exec-3] INFO  com.msjexports.util.UtilityManager -  Image file path : C:\Users\sheriff\Desktop\RestApi\MSJExports3\target\tomcat.8080\webapps\expanded\uploads\hq_logo.png
15:26:04.583 [http-nio-8080-exec-3] INFO  com.msjexports.util.UtilityManager - hq_logo.png is deleted!
15:26:04.586 [http-nio-8080-exec-3] INFO  com.msjexports.db.DbHelper - Connection success
15:26:04.589 [http-nio-8080-exec-3] INFO  com.msjexports.util.UtilityManager -  Image file path : C:\Users\sheriff\Desktop\RestApi\MSJExports3\target\tomcat.8080\webapps\expanded\uploads\firstbanner.png
15:26:04.591 [http-nio-8080-exec-3] INFO  com.msjexports.util.UtilityManager - firstbanner.png is deleted!
15:26:04.595 [http-nio-8080-exec-3] INFO  com.msjexports.db.DbHelper - Connection success
15:26:04.929 [http-nio-8080-exec-3] INFO  com.msjexports.db.DbHelper - Connection success
15:26:26.572 [http-nio-8080-exec-5] INFO  com.msjexports.ui.IndexPageHandler - Running in Index Servlet
15:26:26.581 [http-nio-8080-exec-5] INFO  com.msjexports.db.DbHelper - Connection success
15:26:26.582 [http-nio-8080-exec-5] INFO  com.msjexports.db.ProductManager - Read indv prod names [Coir Pith]
15:26:26.582 [http-nio-8080-exec-5] INFO  com.msjexports.db.ProductManager - Read indv prod names [Coir Pith, Coir Fibre]
15:26:26.583 [http-nio-8080-exec-5] INFO  com.msjexports.db.ProductManager - Read indv prod names [Coir Pith, Coir Fibre, Coconut]
15:26:26.584 [http-nio-8080-exec-5] INFO  com.msjexports.db.ProductManager - Read indv prod names [Coir Pith, Coir Fibre, Coconut, Cardamom]
15:26:26.585 [http-nio-8080-exec-5] INFO  com.msjexports.db.ProductManager - Read indv prod names [Coir Pith, Coir Fibre, Coconut, Cardamom, Pepper]
15:26:26.585 [http-nio-8080-exec-5] INFO  com.msjexports.db.ProductManager - Read indv prod names [Coir Pith, Coir Fibre, Coconut, Cardamom, Pepper, Clove]
15:26:26.586 [http-nio-8080-exec-5] INFO  com.msjexports.db.ProductManager - Read indv prod names [Coir Pith, Coir Fibre, Coconut, Cardamom, Pepper, Clove, Nutmeg & Mace]
15:26:26.587 [http-nio-8080-exec-5] INFO  com.msjexports.ui.IndexPageHandler - Read Index Product names are 
15:26:42.704 [http-nio-8080-exec-8] INFO  c.msjexports.handlers.Logouthandler - Running in LogoutHandler Get method
